[debug] [2019-06-07T04:42:12.894Z] ----------------------------------------------------------------------
[debug] [2019-06-07T04:42:12.896Z] Command:       /usr/local/bin/node /usr/local/bin/firebase init
[debug] [2019-06-07T04:42:12.896Z] CLI Version:   3.18.4
[debug] [2019-06-07T04:42:12.896Z] Platform:      darwin
[debug] [2019-06-07T04:42:12.896Z] Node Version:  v9.11.1
[debug] [2019-06-07T04:42:12.896Z] Time:          Thu Jun 06 2019 23:42:12 GMT-0500 (CDT)
[debug] [2019-06-07T04:42:12.896Z] ----------------------------------------------------------------------
[debug] 
[debug] [2019-06-07T04:42:12.904Z] > command requires scopes: ["email","openid","https://www.googleapis.com/auth/cloudplatformprojects.readonly","https://www.googleapis.com/auth/firebase"]
[debug] [2019-06-07T04:42:12.904Z] > authorizing via signed-in user
[info] 
     🔥🔥🔥🔥🔥🔥🔥🔥 🔥🔥🔥🔥 🔥🔥🔥🔥🔥🔥🔥🔥  🔥🔥🔥🔥🔥🔥🔥🔥 🔥🔥🔥🔥🔥🔥🔥🔥     🔥🔥🔥     🔥🔥🔥🔥🔥🔥  🔥🔥🔥🔥🔥🔥🔥🔥
     🔥🔥        🔥🔥  🔥🔥     🔥🔥 🔥🔥       🔥🔥     🔥🔥  🔥🔥   🔥🔥  🔥🔥       🔥🔥
     🔥🔥🔥🔥🔥🔥    🔥🔥  🔥🔥🔥🔥🔥🔥🔥🔥  🔥🔥🔥🔥🔥🔥   🔥🔥🔥🔥🔥🔥🔥🔥  🔥🔥🔥🔥🔥🔥🔥🔥🔥  🔥🔥🔥🔥🔥🔥  🔥🔥🔥🔥🔥🔥
     🔥🔥        🔥🔥  🔥🔥    🔥🔥  🔥🔥       🔥🔥     🔥🔥 🔥🔥     🔥🔥       🔥🔥 🔥🔥
     🔥🔥       🔥🔥🔥🔥 🔥🔥     🔥🔥 🔥🔥🔥🔥🔥🔥🔥🔥 🔥🔥🔥🔥🔥🔥🔥🔥  🔥🔥     🔥🔥  🔥🔥🔥🔥🔥🔥  🔥🔥🔥🔥🔥🔥🔥🔥

You're about to initialize a Firebase project in this directory:

  /Users/tyler/Documents/GitHub/portfolio

Before we get started, keep in mind:

  * You are initializing in an existing Firebase project directory

[info] 
=== Project Setup
[info] 
[info] First, let's associate this project directory with a Firebase project.
[info] You can create multiple project aliases by running firebase use --add, 
[info] but for now we'll just set up a default project.
[info] 
[debug] [2019-06-07T04:42:15.970Z] > refreshing access token with scopes: ["email","https://www.googleapis.com/auth/cloudplatformprojects.readonly","https://www.googleapis.com/auth/firebase","openid"]
[debug] [2019-06-07T04:42:15.970Z] >>> HTTP REQUEST POST https://www.googleapis.com/oauth2/v3/token  
 { refresh_token: '1/hPdmBypWRKIoCRhWuVBT2TNmtJXHAruBdkAXUOdHvbk',
  client_id: '563584335869-fgrhgmd47bqnekij5i8b5pr03ho849e6.apps.googleusercontent.com',
  client_secret: 'j9iVZfS8kkCEFUPaAeJV0sAi',
  grant_type: 'refresh_token',
  scope: 'email https://www.googleapis.com/auth/cloudplatformprojects.readonly https://www.googleapis.com/auth/firebase openid' } 
 Thu Jun 06 2019 23:42:15 GMT-0500 (CDT)
[debug] [2019-06-07T04:42:16.127Z] <<< HTTP RESPONSE 200
[debug] [2019-06-07T04:42:16.141Z] >>> HTTP REQUEST GET https://admin.firebase.com/v1/projects  
  
 Thu Jun 06 2019 23:42:16 GMT-0500 (CDT)
[debug] [2019-06-07T04:42:16.532Z] <<< HTTP RESPONSE 200
[info] i  .firebaserc already has a default project, skipping
[info] 
=== Database Setup
[info] 
[info] Firebase Realtime Database Rules allow you to define how your data should be
[info] structured and when your data can be read from and written to.
[info] 
[debug] [2019-06-07T04:42:24.657Z] TypeError: Cannot read property 'setRawMode' of null
    at ReadStream.setRawMode (tty.js:64:16)
    at Interface._setRawMode (readline.js:246:16)
    at Interface.close (readline.js:376:10)
    at ReadStream.ontermend (readline.js:159:10)
    at ReadStream.emit (events.js:185:15)
    at ReadStream.emit (domain.js:422:20)
    at endReadableNT (_stream_readable.js:1106:12)
    at process._tickCallback (internal/process/next_tick.js:178:19)
[error] 
[error] Error: An unexpected error has occurred.
[debug] [2019-06-07T04:42:24.659Z] Error: write EIO
    at WriteWrap.afterWrite [as oncomplete] (net.js:844:14)
[error] 
[error] Error: An unexpected error has occurred.
[debug] [2019-06-07T04:43:44.701Z] ----------------------------------------------------------------------
[debug] [2019-06-07T04:43:44.703Z] Command:       /usr/local/bin/node /usr/local/bin/firebase deploy
[debug] [2019-06-07T04:43:44.703Z] CLI Version:   3.18.4
[debug] [2019-06-07T04:43:44.703Z] Platform:      darwin
[debug] [2019-06-07T04:43:44.703Z] Node Version:  v9.11.1
[debug] [2019-06-07T04:43:44.704Z] Time:          Thu Jun 06 2019 23:43:44 GMT-0500 (CDT)
[debug] [2019-06-07T04:43:44.704Z] ----------------------------------------------------------------------
[debug] 
[debug] [2019-06-07T04:43:44.712Z] > command requires scopes: ["email","openid","https://www.googleapis.com/auth/cloudplatformprojects.readonly","https://www.googleapis.com/auth/firebase","https://www.googleapis.com/auth/cloud-platform"]
[debug] [2019-06-07T04:43:44.712Z] > authorizing via signed-in user
[debug] [2019-06-07T04:43:44.713Z] > refreshing access token with scopes: ["email","https://www.googleapis.com/auth/cloud-platform","https://www.googleapis.com/auth/cloudplatformprojects.readonly","https://www.googleapis.com/auth/firebase","openid"]
[debug] [2019-06-07T04:43:44.714Z] >>> HTTP REQUEST POST https://www.googleapis.com/oauth2/v3/token  
 { refresh_token: '1/hPdmBypWRKIoCRhWuVBT2TNmtJXHAruBdkAXUOdHvbk',
  client_id: '563584335869-fgrhgmd47bqnekij5i8b5pr03ho849e6.apps.googleusercontent.com',
  client_secret: 'j9iVZfS8kkCEFUPaAeJV0sAi',
  grant_type: 'refresh_token',
  scope: 'email https://www.googleapis.com/auth/cloud-platform https://www.googleapis.com/auth/cloudplatformprojects.readonly https://www.googleapis.com/auth/firebase openid' } 
 Thu Jun 06 2019 23:43:44 GMT-0500 (CDT)
[debug] [2019-06-07T04:43:44.875Z] <<< HTTP RESPONSE 200
[debug] [2019-06-07T04:43:44.889Z] >>> HTTP REQUEST GET https://admin.firebase.com/v1/projects/portfolio-jtm  
  
 Thu Jun 06 2019 23:43:44 GMT-0500 (CDT)
[debug] [2019-06-07T04:43:45.150Z] <<< HTTP RESPONSE 200
[debug] [2019-06-07T04:43:45.151Z] >>> HTTP REQUEST GET https://admin.firebase.com/v1/database/portfolio-jtm/tokens  
  
 Thu Jun 06 2019 23:43:45 GMT-0500 (CDT)
[debug] [2019-06-07T04:43:45.399Z] <<< HTTP RESPONSE 200
[info] 
[info] === Deploying to 'portfolio-jtm'...
[info] 
[info] i  deploying hosting
[info] i  hosting: preparing public directory for upload...
[debug] [2019-06-07T04:43:51.826Z] >>> HTTP REQUEST PUT https://deploy.firebase.com/v1/hosting/portfolio-jtm/uploads/-LgkEz7hATvMjNjODunV?fileCount=145&message=  
  
 Thu Jun 06 2019 23:43:51 GMT-0500 (CDT)
[debug] [2019-06-07T04:48:40.936Z] <<< HTTP RESPONSE 410
[debug] [2019-06-07T04:48:40.936Z] <<< HTTP RESPONSE BODY undefined
[debug] [2019-06-07T04:48:40.938Z] TypeError: Cannot read property 'error' of undefined
    at module.exports (/usr/local/lib/node_modules/firebase-tools/lib/responseToError.js:10:13)
    at Request._callback (/usr/local/lib/node_modules/firebase-tools/lib/api.js:47:25)
    at Request.self.callback (/usr/local/lib/node_modules/firebase-tools/node_modules/request/request.js:186:22)
    at Request.emit (events.js:180:13)
    at Request.emit (domain.js:422:20)
    at Request.<anonymous> (/usr/local/lib/node_modules/firebase-tools/node_modules/request/request.js:1163:10)
    at Request.emit (events.js:180:13)
    at Request.emit (domain.js:422:20)
    at IncomingMessage.<anonymous> (/usr/local/lib/node_modules/firebase-tools/node_modules/request/request.js:1085:12)
    at Object.onceWrapper (events.js:272:13)
[error] 
[error] Error: An unexpected error has occurred.
[debug] [2019-06-07T04:57:46.668Z] ----------------------------------------------------------------------
[debug] [2019-06-07T04:57:46.670Z] Command:       /usr/local/bin/node /usr/local/bin/firebase deploy
[debug] [2019-06-07T04:57:46.670Z] CLI Version:   3.18.4
[debug] [2019-06-07T04:57:46.670Z] Platform:      darwin
[debug] [2019-06-07T04:57:46.670Z] Node Version:  v9.11.1
[debug] [2019-06-07T04:57:46.671Z] Time:          Thu Jun 06 2019 23:57:46 GMT-0500 (CDT)
[debug] [2019-06-07T04:57:46.671Z] ----------------------------------------------------------------------
[debug] 
[debug] [2019-06-07T04:57:46.682Z] > command requires scopes: ["email","openid","https://www.googleapis.com/auth/cloudplatformprojects.readonly","https://www.googleapis.com/auth/firebase","https://www.googleapis.com/auth/cloud-platform"]
[debug] [2019-06-07T04:57:46.682Z] > authorizing via signed-in user
[debug] [2019-06-07T04:57:46.685Z] >>> HTTP REQUEST GET https://admin.firebase.com/v1/projects/portfolio-jtm  
  
 Thu Jun 06 2019 23:57:46 GMT-0500 (CDT)
[debug] [2019-06-07T04:57:48.047Z] <<< HTTP RESPONSE 200
[debug] [2019-06-07T04:57:48.047Z] >>> HTTP REQUEST GET https://admin.firebase.com/v1/database/portfolio-jtm/tokens  
  
 Thu Jun 06 2019 23:57:48 GMT-0500 (CDT)
[debug] [2019-06-07T04:57:48.315Z] <<< HTTP RESPONSE 200
[info] 
[info] === Deploying to 'portfolio-jtm'...
[info] 
[info] i  deploying hosting
[info] i  hosting: preparing public directory for upload...
[debug] [2019-06-07T04:57:54.609Z] >>> HTTP REQUEST PUT https://deploy.firebase.com/v1/hosting/portfolio-jtm/uploads/-LgkIBvVYEhjtTuvj1mN?fileCount=145&message=  
  
 Thu Jun 06 2019 23:57:54 GMT-0500 (CDT)
[debug] [2019-06-07T05:01:10.018Z] <<< HTTP RESPONSE 410
[debug] [2019-06-07T05:01:10.018Z] <<< HTTP RESPONSE BODY undefined
[debug] [2019-06-07T05:01:10.019Z] TypeError: Cannot read property 'error' of undefined
    at module.exports (/usr/local/lib/node_modules/firebase-tools/lib/responseToError.js:10:13)
    at Request._callback (/usr/local/lib/node_modules/firebase-tools/lib/api.js:47:25)
    at Request.self.callback (/usr/local/lib/node_modules/firebase-tools/node_modules/request/request.js:186:22)
    at Request.emit (events.js:180:13)
    at Request.emit (domain.js:422:20)
    at Request.<anonymous> (/usr/local/lib/node_modules/firebase-tools/node_modules/request/request.js:1163:10)
    at Request.emit (events.js:180:13)
    at Request.emit (domain.js:422:20)
    at IncomingMessage.<anonymous> (/usr/local/lib/node_modules/firebase-tools/node_modules/request/request.js:1085:12)
    at Object.onceWrapper (events.js:272:13)
[error] 
[error] Error: An unexpected error has occurred.
[debug] [2019-06-07T05:03:29.181Z] ----------------------------------------------------------------------
[debug] [2019-06-07T05:03:29.183Z] Command:       /usr/local/bin/node /usr/local/bin/firebase deploy
[debug] [2019-06-07T05:03:29.183Z] CLI Version:   3.18.4
[debug] [2019-06-07T05:03:29.183Z] Platform:      darwin
[debug] [2019-06-07T05:03:29.183Z] Node Version:  v9.11.1
[debug] [2019-06-07T05:03:29.184Z] Time:          Fri Jun 07 2019 00:03:29 GMT-0500 (CDT)
[debug] [2019-06-07T05:03:29.184Z] ----------------------------------------------------------------------
[debug] 
[debug] [2019-06-07T05:03:29.192Z] > command requires scopes: ["email","openid","https://www.googleapis.com/auth/cloudplatformprojects.readonly","https://www.googleapis.com/auth/firebase","https://www.googleapis.com/auth/cloud-platform"]
[debug] [2019-06-07T05:03:29.192Z] > authorizing via signed-in user
[debug] [2019-06-07T05:03:29.194Z] >>> HTTP REQUEST GET https://admin.firebase.com/v1/projects/portfolio-jtm  
  
 Fri Jun 07 2019 00:03:29 GMT-0500 (CDT)
[debug] [2019-06-07T05:03:29.637Z] <<< HTTP RESPONSE 200
[debug] [2019-06-07T05:03:29.638Z] >>> HTTP REQUEST GET https://admin.firebase.com/v1/database/portfolio-jtm/tokens  
  
 Fri Jun 07 2019 00:03:29 GMT-0500 (CDT)
[debug] [2019-06-07T05:03:29.893Z] <<< HTTP RESPONSE 200
[info] 
[info] === Deploying to 'portfolio-jtm'...
[info] 
[info] i  deploying hosting
[info] i  hosting: preparing public directory for upload...
[debug] [2019-06-07T05:03:36.064Z] >>> HTTP REQUEST PUT https://deploy.firebase.com/v1/hosting/portfolio-jtm/uploads/-LgkJVJE_-_SBJKjhE3z?fileCount=145&message=  
  
 Fri Jun 07 2019 00:03:36 GMT-0500 (CDT)
